生成启动时间为 2016/2/16 19:51:48。
     1>项目“G:\opencv\1\test10\SIFT\SIFT\SIFT.vcxproj”在节点 2 上(Build 个目标)。
     1>ClCompile:
         C:\Program Files (x86)\Microsoft Visual Studio 11.0\VC\bin\CL.exe /c /Zi /nologo /W3 /WX- /O2 /Oi /Oy- /GL /D WIN32 /D NDEBUG /D _CONSOLE /D _UNICODE /D UNICODE /Gm- /EHsc /MD /GS /Gy /fp:precise /Zc:wchar_t /Zc:forScope /Fo"Release\\" /Fd"Release\vc110.pdb" /Gd /TP /analyze- /errorReport:prompt "源.cpp"
         源.cpp
     1>C:\Program Files (x86)\opencv\build\include\opencv2/core/mat.hpp(1965): warning C4819: 该文件包含不能在当前代码页(936)中表示的字符。请将该文件保存为 Unicode 格式以防止数据丢失
     1>C:\Program Files (x86)\opencv\build\include\opencv2/core/persistence.hpp : warning C4819: 该文件包含不能在当前代码页(936)中表示的字符。请将该文件保存为 Unicode 格式以防止数据丢失
     1>C:\Program Files (x86)\opencv\build\include\opencv2/core/utility.hpp : warning C4819: 该文件包含不能在当前代码页(936)中表示的字符。请将该文件保存为 Unicode 格式以防止数据丢失
     1>g:\opencv\1\test10\sift\sift\GUSSIANmodel.h(14): warning C4101: “y”: 未引用的局部变量
     1>g:\opencv\1\test10\sift\sift\GUSSIANmodel.h(14): warning C4101: “x”: 未引用的局部变量
     1>g:\opencv\1\test10\sift\sift\GUSSIANmodel.h(138): warning C4244: “=”: 从“double”转换到“unsigned char”，可能丢失数据
     1>g:\opencv\1\test10\sift\sift\GUSSIANmodel.h(139): warning C4244: “=”: 从“double”转换到“unsigned char”，可能丢失数据
     1>g:\opencv\1\test10\sift\sift\GUSSIANmodel.h(140): warning C4244: “=”: 从“double”转换到“unsigned char”，可能丢失数据
     1>g:\opencv\1\test10\sift\sift\GUSSIANmodel.h(141): warning C4244: “=”: 从“double”转换到“unsigned char”，可能丢失数据
     1>g:\opencv\1\test10\sift\sift\GUSSIANmodel.h(142): warning C4244: “=”: 从“double”转换到“unsigned char”，可能丢失数据
     1>g:\opencv\1\test10\sift\sift\GUSSIANmodel.h(144): warning C4244: “=”: 从“double”转换到“unsigned char”，可能丢失数据
     1>g:\opencv\1\test10\sift\sift\GUSSIANmodel.h(145): warning C4244: “=”: 从“double”转换到“unsigned char”，可能丢失数据
     1>g:\opencv\1\test10\sift\sift\GUSSIANmodel.h(146): warning C4244: “=”: 从“double”转换到“unsigned char”，可能丢失数据
     1>g:\opencv\1\test10\sift\sift\GUSSIANmodel.h(147): warning C4244: “=”: 从“double”转换到“unsigned char”，可能丢失数据
     1>g:\opencv\1\test10\sift\sift\GUSSIANmodel.h(148): warning C4244: “=”: 从“double”转换到“unsigned char”，可能丢失数据
     1>g:\opencv\1\test10\sift\sift\GUSSIANmodel.h(150): warning C4244: “=”: 从“double”转换到“unsigned char”，可能丢失数据
     1>g:\opencv\1\test10\sift\sift\GUSSIANmodel.h(151): warning C4244: “=”: 从“double”转换到“unsigned char”，可能丢失数据
     1>g:\opencv\1\test10\sift\sift\GUSSIANmodel.h(152): warning C4244: “=”: 从“double”转换到“unsigned char”，可能丢失数据
     1>g:\opencv\1\test10\sift\sift\GUSSIANmodel.h(153): warning C4244: “=”: 从“double”转换到“unsigned char”，可能丢失数据
     1>g:\opencv\1\test10\sift\sift\GUSSIANmodel.h(154): warning C4244: “=”: 从“double”转换到“unsigned char”，可能丢失数据
     1>g:\opencv\1\test10\sift\sift\GUSSIANmodel.h(156): warning C4244: “=”: 从“double”转换到“unsigned char”，可能丢失数据
     1>g:\opencv\1\test10\sift\sift\GUSSIANmodel.h(157): warning C4244: “=”: 从“double”转换到“unsigned char”，可能丢失数据
     1>g:\opencv\1\test10\sift\sift\GUSSIANmodel.h(158): warning C4244: “=”: 从“double”转换到“unsigned char”，可能丢失数据
     1>g:\opencv\1\test10\sift\sift\GUSSIANmodel.h(159): warning C4244: “=”: 从“double”转换到“unsigned char”，可能丢失数据
     1>g:\opencv\1\test10\sift\sift\GUSSIANmodel.h(160): warning C4244: “=”: 从“double”转换到“unsigned char”，可能丢失数据
     1>g:\opencv\1\test10\sift\sift\GUSSIANmodel.h(162): warning C4244: “=”: 从“double”转换到“unsigned char”，可能丢失数据
     1>g:\opencv\1\test10\sift\sift\GUSSIANmodel.h(163): warning C4244: “=”: 从“double”转换到“unsigned char”，可能丢失数据
     1>g:\opencv\1\test10\sift\sift\GUSSIANmodel.h(164): warning C4244: “=”: 从“double”转换到“unsigned char”，可能丢失数据
     1>g:\opencv\1\test10\sift\sift\GUSSIANmodel.h(165): warning C4244: “=”: 从“double”转换到“unsigned char”，可能丢失数据
     1>g:\opencv\1\test10\sift\sift\GUSSIANmodel.h(166): warning C4244: “=”: 从“double”转换到“unsigned char”，可能丢失数据
     1>g:\opencv\1\test10\sift\sift\GUSSIANmodel.h(180): warning C4244: “=”: 从“double”转换到“unsigned char”，可能丢失数据
     1>g:\opencv\1\test10\sift\sift\GUSSIANmodel.h(191): warning C4244: “=”: 从“double”转换到“unsigned char”，可能丢失数据
     1>g:\opencv\1\test10\sift\sift\GUSSIANmodel.h(202): warning C4244: “=”: 从“double”转换到“unsigned char”，可能丢失数据
     1>g:\opencv\1\test10\sift\sift\GUSSIANmodel.h(214): warning C4244: “=”: 从“double”转换到“unsigned char”，可能丢失数据
     1>g:\opencv\1\test10\sift\sift\cvmat_mat.h(24): warning C4244: “=”: 从“double”转换到“uchar”，可能丢失数据
     1>g:\opencv\1\test10\sift\sift\GUSSIANdelta.h(71): warning C4244: “=”: 从“double”转换到“int”，可能丢失数据
     1>g:\opencv\1\test10\sift\sift\GUSSIANdelta.h(77): warning C4244: “参数”: 从“double”转换到“int”，可能丢失数据
     1>g:\opencv\1\test10\sift\sift\GUSSIANdelta.h(208): warning C4244: “=”: 从“double”转换到“int”，可能丢失数据
     1>g:\opencv\1\test10\sift\sift\GUSSIANdelta.h(214): warning C4244: “参数”: 从“double”转换到“int”，可能丢失数据
     1>g:\opencv\1\test10\sift\sift\GUSSIANdelta.h(395): warning C4244: “初始化”: 从“double”转换到“uchar”，可能丢失数据
     1>g:\opencv\1\test10\sift\sift\GUSSIANdelta.h(396): warning C4244: “初始化”: 从“double”转换到“uchar”，可能丢失数据
     1>g:\opencv\1\test10\sift\sift\searchpoint.h(106): warning C4244: “=”: 从“double”转换到“int”，可能丢失数据
     1>g:\opencv\1\test10\sift\sift\SearchOUT.h(83): warning C4244: “初始化”: 从“double”转换到“int”，可能丢失数据
     1>g:\opencv\1\test10\sift\sift\SearchOUT.h(84): warning C4244: “初始化”: 从“double”转换到“int”，可能丢失数据
     1>g:\opencv\1\test10\sift\sift\deletepoint.h(20): warning C4244: “=”: 从“double”转换到“int”，可能丢失数据
     1>g:\opencv\1\test10\sift\sift\deletepoint.h(15): warning C4101: “p”: 未引用的局部变量
     1>g:\opencv\1\test10\sift\sift\fixpoint.h(48): warning C4244: “=”: 从“double”转换到“int”，可能丢失数据
     1>g:\opencv\1\test10\sift\sift\fixpoint.h(49): warning C4244: “=”: 从“double”转换到“int”，可能丢失数据
     1>g:\opencv\1\test10\sift\sift\fixpoint.h(26): warning C4101: “extrmy”: 未引用的局部变量
     1>g:\opencv\1\test10\sift\sift\fixpoint.h(25): warning C4101: “extrmx”: 未引用的局部变量
     1>g:\opencv\1\test10\sift\sift\fixpoint.h(18): warning C4101: “j”: 未引用的局部变量
     1>g:\opencv\1\test10\sift\sift\his.h(17): warning C4305: “初始化”: 从“double”到“float”截断
     1>g:\opencv\1\test10\sift\sift\histo_cir.h(900): warning C4244: “参数”: 从“double”转换到“float”，可能丢失数据
     1>g:\opencv\1\test10\sift\sift\histo_cir.h(901): warning C4244: “初始化”: 从“double”转换到“float”，可能丢失数据
     1>g:\opencv\1\test10\sift\sift\histo_cir.h(717): warning C4101: “p”: 未引用的局部变量
     1>g:\opencv\1\test10\sift\sift\O_distance.h(19): warning C4101: “l”: 未引用的局部变量
     1>g:\opencv\1\test10\sift\sift\O_distance.h(63): warning C4101: “l”: 未引用的局部变量
     1>g:\opencv\1\test10\sift\sift\SIFT.h(99): warning C4101: “j”: 未引用的局部变量
     1>源.cpp(441): warning C4244: “初始化”: 从“double”转换到“int”，可能丢失数据
     1>源.cpp(442): warning C4244: “初始化”: 从“double”转换到“int”，可能丢失数据
     1>源.cpp(462): warning C4244: “初始化”: 从“double”转换到“int”，可能丢失数据
     1>源.cpp(463): warning C4244: “初始化”: 从“double”转换到“int”，可能丢失数据
     1>源.cpp(97): warning C4101: “k”: 未引用的局部变量
     1>源.cpp(97): warning C4101: “l”: 未引用的局部变量
       Link:
         C:\Program Files (x86)\Microsoft Visual Studio 11.0\VC\bin\link.exe /ERRORREPORT:PROMPT /OUT:"G:\opencv\1\test10\SIFT\Release\SIFT.exe" /INCREMENTAL:NO /NOLOGO opencv_ts300.lib opencv_world300.lib IlmImf.lib libjasper.lib libjpeg.lib libpng.lib libtiff.lib libwebp.lib opencv_calib3d300.lib opencv_core300.lib opencv_features2d300.lib opencv_flann300.lib opencv_highgui300.lib opencv_imgcodecs300.lib opencv_imgproc300.lib opencv_ml300.lib opencv_objdetect300.lib opencv_photo300.lib opencv_shape300.lib opencv_stitching300.lib opencv_superres300.lib opencv_video300.lib opencv_videoio300.lib opencv_videostab300.lib zlib.lib kernel32.lib user32.lib gdi32.lib winspool.lib comdlg32.lib advapi32.lib shell32.lib ole32.lib oleaut32.lib uuid.lib odbc32.lib odbccp32.lib /MANIFEST /MANIFESTUAC:"level='asInvoker' uiAccess='false'" /manifest:embed /DEBUG /PDB:"G:\opencv\1\test10\SIFT\Release\SIFT.pdb" /SUBSYSTEM:CONSOLE /OPT:REF /OPT:ICF /LTCG /TLBID:1 /DYNAMICBASE /NXCOMPAT /IMPLIB:"G:\opencv\1\test10\SIFT\Release\SIFT.lib" /MACHINE:X86 /SAFESEH "Release\源.obj"
         正在生成代码
     1>g:\opencv\1\test10\sift\sift\histo_cir.h(303): warning C4715: “Grad_sita”: 不是所有的控件路径都返回值
         已完成代码的生成
         SIFT.vcxproj -> G:\opencv\1\test10\SIFT\Release\SIFT.exe
     1>已完成生成项目“G:\opencv\1\test10\SIFT\SIFT\SIFT.vcxproj”(Build 个目标)的操作。

生成成功。

已用时间 00:00:02.11
