G:\OPENCV\1\TEST10\SIFT\SIFT\DEBUG\源.OBJ
G:\OPENCV\1\TEST10\SIFT\SIFT\DEBUG\VC110.PDB
G:\OPENCV\1\TEST10\SIFT\DEBUG\SIFT.ILK
G:\OPENCV\1\TEST10\SIFT\DEBUG\SIFT.EXE
G:\OPENCV\1\TEST10\SIFT\DEBUG\SIFT.PDB
G:\opencv\1\test10\SIFT\SIFT\Debug\源.obj
G:\opencv\1\test10\SIFT\SIFT\Debug\cl.command.1.tlog
G:\opencv\1\test10\SIFT\SIFT\Debug\CL.read.1.tlog
G:\opencv\1\test10\SIFT\SIFT\Debug\CL.write.1.tlog
G:\opencv\1\test10\SIFT\SIFT\Debug\link-cvtres.read.1.tlog
G:\opencv\1\test10\SIFT\SIFT\Debug\link-cvtres.write.1.tlog
G:\opencv\1\test10\SIFT\SIFT\Debug\link-rc.read.1.tlog
G:\opencv\1\test10\SIFT\SIFT\Debug\link-rc.write.1.tlog
G:\opencv\1\test10\SIFT\SIFT\Debug\link.10444-cvtres.read.1.tlog
G:\opencv\1\test10\SIFT\SIFT\Debug\link.10444-cvtres.write.1.tlog
G:\opencv\1\test10\SIFT\SIFT\Debug\link.10444-rc.read.1.tlog
G:\opencv\1\test10\SIFT\SIFT\Debug\link.10444-rc.write.1.tlog
G:\opencv\1\test10\SIFT\SIFT\Debug\link.10444.read.1.tlog
G:\opencv\1\test10\SIFT\SIFT\Debug\link.10444.write.1.tlog
G:\opencv\1\test10\SIFT\SIFT\Debug\link.10448-cvtres.read.1.tlog
G:\opencv\1\test10\SIFT\SIFT\Debug\link.10448-cvtres.write.1.tlog
G:\opencv\1\test10\SIFT\SIFT\Debug\link.10448-rc.read.1.tlog
G:\opencv\1\test10\SIFT\SIFT\Debug\link.10448-rc.write.1.tlog
G:\opencv\1\test10\SIFT\SIFT\Debug\link.10448.read.1.tlog
G:\opencv\1\test10\SIFT\SIFT\Debug\link.10448.write.1.tlog
G:\opencv\1\test10\SIFT\SIFT\Debug\link.10720-cvtres.read.1.tlog
G:\opencv\1\test10\SIFT\SIFT\Debug\link.10720-cvtres.write.1.tlog
G:\opencv\1\test10\SIFT\SIFT\Debug\link.10720-rc.read.1.tlog
G:\opencv\1\test10\SIFT\SIFT\Debug\link.10720-rc.write.1.tlog
G:\opencv\1\test10\SIFT\SIFT\Debug\link.10720.read.1.tlog
G:\opencv\1\test10\SIFT\SIFT\Debug\link.10720.write.1.tlog
G:\opencv\1\test10\SIFT\SIFT\Debug\link.11008-cvtres.read.1.tlog
G:\opencv\1\test10\SIFT\SIFT\Debug\link.11008-cvtres.write.1.tlog
G:\opencv\1\test10\SIFT\SIFT\Debug\link.11008-rc.read.1.tlog
G:\opencv\1\test10\SIFT\SIFT\Debug\link.11008-rc.write.1.tlog
G:\opencv\1\test10\SIFT\SIFT\Debug\link.11008.read.1.tlog
G:\opencv\1\test10\SIFT\SIFT\Debug\link.11008.write.1.tlog
G:\opencv\1\test10\SIFT\SIFT\Debug\link.11040-cvtres.read.1.tlog
G:\opencv\1\test10\SIFT\SIFT\Debug\link.11040-cvtres.write.1.tlog
G:\opencv\1\test10\SIFT\SIFT\Debug\link.11040-rc.read.1.tlog
G:\opencv\1\test10\SIFT\SIFT\Debug\link.11040-rc.write.1.tlog
G:\opencv\1\test10\SIFT\SIFT\Debug\link.11040.read.1.tlog
G:\opencv\1\test10\SIFT\SIFT\Debug\link.11040.write.1.tlog
G:\opencv\1\test10\SIFT\SIFT\Debug\link.12140-cvtres.read.1.tlog
G:\opencv\1\test10\SIFT\SIFT\Debug\link.12140-cvtres.write.1.tlog
G:\opencv\1\test10\SIFT\SIFT\Debug\link.12140-rc.read.1.tlog
G:\opencv\1\test10\SIFT\SIFT\Debug\link.12140-rc.write.1.tlog
G:\opencv\1\test10\SIFT\SIFT\Debug\link.12140.read.1.tlog
G:\opencv\1\test10\SIFT\SIFT\Debug\link.12140.write.1.tlog
G:\opencv\1\test10\SIFT\SIFT\Debug\link.12308-cvtres.read.1.tlog
G:\opencv\1\test10\SIFT\SIFT\Debug\link.12308-cvtres.write.1.tlog
G:\opencv\1\test10\SIFT\SIFT\Debug\link.12308-rc.read.1.tlog
G:\opencv\1\test10\SIFT\SIFT\Debug\link.12308-rc.write.1.tlog
G:\opencv\1\test10\SIFT\SIFT\Debug\link.12308.read.1.tlog
G:\opencv\1\test10\SIFT\SIFT\Debug\link.12308.write.1.tlog
G:\opencv\1\test10\SIFT\SIFT\Debug\link.12736-cvtres.read.1.tlog
G:\opencv\1\test10\SIFT\SIFT\Debug\link.12736-cvtres.write.1.tlog
G:\opencv\1\test10\SIFT\SIFT\Debug\link.12736-rc.read.1.tlog
G:\opencv\1\test10\SIFT\SIFT\Debug\link.12736-rc.write.1.tlog
G:\opencv\1\test10\SIFT\SIFT\Debug\link.12736.read.1.tlog
G:\opencv\1\test10\SIFT\SIFT\Debug\link.12736.write.1.tlog
G:\opencv\1\test10\SIFT\SIFT\Debug\link.13364-cvtres.read.1.tlog
G:\opencv\1\test10\SIFT\SIFT\Debug\link.13364-cvtres.write.1.tlog
G:\opencv\1\test10\SIFT\SIFT\Debug\link.13364-rc.read.1.tlog
G:\opencv\1\test10\SIFT\SIFT\Debug\link.13364-rc.write.1.tlog
G:\opencv\1\test10\SIFT\SIFT\Debug\link.13364.read.1.tlog
G:\opencv\1\test10\SIFT\SIFT\Debug\link.13364.write.1.tlog
G:\opencv\1\test10\SIFT\SIFT\Debug\link.13484-cvtres.read.1.tlog
G:\opencv\1\test10\SIFT\SIFT\Debug\link.13484-cvtres.write.1.tlog
G:\opencv\1\test10\SIFT\SIFT\Debug\link.13484-rc.read.1.tlog
G:\opencv\1\test10\SIFT\SIFT\Debug\link.13484-rc.write.1.tlog
G:\opencv\1\test10\SIFT\SIFT\Debug\link.13484.read.1.tlog
G:\opencv\1\test10\SIFT\SIFT\Debug\link.13484.write.1.tlog
G:\opencv\1\test10\SIFT\SIFT\Debug\link.14096-cvtres.read.1.tlog
G:\opencv\1\test10\SIFT\SIFT\Debug\link.14096-cvtres.write.1.tlog
G:\opencv\1\test10\SIFT\SIFT\Debug\link.14096-rc.read.1.tlog
G:\opencv\1\test10\SIFT\SIFT\Debug\link.14096-rc.write.1.tlog
G:\opencv\1\test10\SIFT\SIFT\Debug\link.14096.read.1.tlog
G:\opencv\1\test10\SIFT\SIFT\Debug\link.14096.write.1.tlog
G:\opencv\1\test10\SIFT\SIFT\Debug\link.14136-cvtres.read.1.tlog
G:\opencv\1\test10\SIFT\SIFT\Debug\link.14136-cvtres.write.1.tlog
G:\opencv\1\test10\SIFT\SIFT\Debug\link.14136-rc.read.1.tlog
G:\opencv\1\test10\SIFT\SIFT\Debug\link.14136-rc.write.1.tlog
G:\opencv\1\test10\SIFT\SIFT\Debug\link.14136.read.1.tlog
G:\opencv\1\test10\SIFT\SIFT\Debug\link.14136.write.1.tlog
G:\opencv\1\test10\SIFT\SIFT\Debug\link.14860-cvtres.read.1.tlog
G:\opencv\1\test10\SIFT\SIFT\Debug\link.14860-cvtres.write.1.tlog
G:\opencv\1\test10\SIFT\SIFT\Debug\link.14860-rc.read.1.tlog
G:\opencv\1\test10\SIFT\SIFT\Debug\link.14860-rc.write.1.tlog
G:\opencv\1\test10\SIFT\SIFT\Debug\link.14860.read.1.tlog
G:\opencv\1\test10\SIFT\SIFT\Debug\link.14860.write.1.tlog
G:\opencv\1\test10\SIFT\SIFT\Debug\link.15424-cvtres.read.1.tlog
G:\opencv\1\test10\SIFT\SIFT\Debug\link.15424-cvtres.write.1.tlog
G:\opencv\1\test10\SIFT\SIFT\Debug\link.15424-rc.read.1.tlog
G:\opencv\1\test10\SIFT\SIFT\Debug\link.15424-rc.write.1.tlog
G:\opencv\1\test10\SIFT\SIFT\Debug\link.15424.read.1.tlog
G:\opencv\1\test10\SIFT\SIFT\Debug\link.15424.write.1.tlog
G:\opencv\1\test10\SIFT\SIFT\Debug\link.15428-cvtres.read.1.tlog
G:\opencv\1\test10\SIFT\SIFT\Debug\link.15428-cvtres.write.1.tlog
G:\opencv\1\test10\SIFT\SIFT\Debug\link.15428-rc.read.1.tlog
G:\opencv\1\test10\SIFT\SIFT\Debug\link.15428-rc.write.1.tlog
G:\opencv\1\test10\SIFT\SIFT\Debug\link.15428.read.1.tlog
G:\opencv\1\test10\SIFT\SIFT\Debug\link.15428.write.1.tlog
G:\opencv\1\test10\SIFT\SIFT\Debug\link.16376-cvtres.read.1.tlog
G:\opencv\1\test10\SIFT\SIFT\Debug\link.16376-cvtres.write.1.tlog
G:\opencv\1\test10\SIFT\SIFT\Debug\link.16376-rc.read.1.tlog
G:\opencv\1\test10\SIFT\SIFT\Debug\link.16376-rc.write.1.tlog
G:\opencv\1\test10\SIFT\SIFT\Debug\link.16376.read.1.tlog
G:\opencv\1\test10\SIFT\SIFT\Debug\link.16376.write.1.tlog
G:\opencv\1\test10\SIFT\SIFT\Debug\link.17440-cvtres.read.1.tlog
G:\opencv\1\test10\SIFT\SIFT\Debug\link.17440-cvtres.write.1.tlog
G:\opencv\1\test10\SIFT\SIFT\Debug\link.17440-rc.read.1.tlog
G:\opencv\1\test10\SIFT\SIFT\Debug\link.17440-rc.write.1.tlog
G:\opencv\1\test10\SIFT\SIFT\Debug\link.17440.read.1.tlog
G:\opencv\1\test10\SIFT\SIFT\Debug\link.17440.write.1.tlog
G:\opencv\1\test10\SIFT\SIFT\Debug\link.2216-cvtres.read.1.tlog
G:\opencv\1\test10\SIFT\SIFT\Debug\link.2216-cvtres.write.1.tlog
G:\opencv\1\test10\SIFT\SIFT\Debug\link.2216-rc.read.1.tlog
G:\opencv\1\test10\SIFT\SIFT\Debug\link.2216-rc.write.1.tlog
G:\opencv\1\test10\SIFT\SIFT\Debug\link.2216.read.1.tlog
G:\opencv\1\test10\SIFT\SIFT\Debug\link.2216.write.1.tlog
G:\opencv\1\test10\SIFT\SIFT\Debug\link.3264-cvtres.read.1.tlog
G:\opencv\1\test10\SIFT\SIFT\Debug\link.3264-cvtres.write.1.tlog
G:\opencv\1\test10\SIFT\SIFT\Debug\link.3264-rc.read.1.tlog
G:\opencv\1\test10\SIFT\SIFT\Debug\link.3264-rc.write.1.tlog
G:\opencv\1\test10\SIFT\SIFT\Debug\link.3264.read.1.tlog
G:\opencv\1\test10\SIFT\SIFT\Debug\link.3264.write.1.tlog
G:\opencv\1\test10\SIFT\SIFT\Debug\link.3604-cvtres.read.1.tlog
G:\opencv\1\test10\SIFT\SIFT\Debug\link.3604-cvtres.write.1.tlog
G:\opencv\1\test10\SIFT\SIFT\Debug\link.3604-rc.read.1.tlog
G:\opencv\1\test10\SIFT\SIFT\Debug\link.3604-rc.write.1.tlog
G:\opencv\1\test10\SIFT\SIFT\Debug\link.3604.read.1.tlog
G:\opencv\1\test10\SIFT\SIFT\Debug\link.3604.write.1.tlog
G:\opencv\1\test10\SIFT\SIFT\Debug\link.4936-cvtres.read.1.tlog
G:\opencv\1\test10\SIFT\SIFT\Debug\link.4936-cvtres.write.1.tlog
G:\opencv\1\test10\SIFT\SIFT\Debug\link.4936-rc.read.1.tlog
G:\opencv\1\test10\SIFT\SIFT\Debug\link.4936-rc.write.1.tlog
G:\opencv\1\test10\SIFT\SIFT\Debug\link.4936.read.1.tlog
G:\opencv\1\test10\SIFT\SIFT\Debug\link.4936.write.1.tlog
G:\opencv\1\test10\SIFT\SIFT\Debug\link.5372-cvtres.read.1.tlog
G:\opencv\1\test10\SIFT\SIFT\Debug\link.5372-cvtres.write.1.tlog
G:\opencv\1\test10\SIFT\SIFT\Debug\link.5372-rc.read.1.tlog
G:\opencv\1\test10\SIFT\SIFT\Debug\link.5372-rc.write.1.tlog
G:\opencv\1\test10\SIFT\SIFT\Debug\link.5372.read.1.tlog
G:\opencv\1\test10\SIFT\SIFT\Debug\link.5372.write.1.tlog
G:\opencv\1\test10\SIFT\SIFT\Debug\link.6224-cvtres.read.1.tlog
G:\opencv\1\test10\SIFT\SIFT\Debug\link.6224-cvtres.write.1.tlog
G:\opencv\1\test10\SIFT\SIFT\Debug\link.6224-rc.read.1.tlog
G:\opencv\1\test10\SIFT\SIFT\Debug\link.6224-rc.write.1.tlog
G:\opencv\1\test10\SIFT\SIFT\Debug\link.6224.read.1.tlog
G:\opencv\1\test10\SIFT\SIFT\Debug\link.6224.write.1.tlog
G:\opencv\1\test10\SIFT\SIFT\Debug\link.6500-cvtres.read.1.tlog
G:\opencv\1\test10\SIFT\SIFT\Debug\link.6500-cvtres.write.1.tlog
G:\opencv\1\test10\SIFT\SIFT\Debug\link.6500-rc.read.1.tlog
G:\opencv\1\test10\SIFT\SIFT\Debug\link.6500-rc.write.1.tlog
G:\opencv\1\test10\SIFT\SIFT\Debug\link.6500.read.1.tlog
G:\opencv\1\test10\SIFT\SIFT\Debug\link.6500.write.1.tlog
G:\opencv\1\test10\SIFT\SIFT\Debug\link.7488-cvtres.read.1.tlog
G:\opencv\1\test10\SIFT\SIFT\Debug\link.7488-cvtres.write.1.tlog
G:\opencv\1\test10\SIFT\SIFT\Debug\link.7488-rc.read.1.tlog
G:\opencv\1\test10\SIFT\SIFT\Debug\link.7488-rc.write.1.tlog
G:\opencv\1\test10\SIFT\SIFT\Debug\link.7488.read.1.tlog
G:\opencv\1\test10\SIFT\SIFT\Debug\link.7488.write.1.tlog
G:\opencv\1\test10\SIFT\SIFT\Debug\link.7524-cvtres.read.1.tlog
G:\opencv\1\test10\SIFT\SIFT\Debug\link.7524-cvtres.write.1.tlog
G:\opencv\1\test10\SIFT\SIFT\Debug\link.7524-rc.read.1.tlog
G:\opencv\1\test10\SIFT\SIFT\Debug\link.7524-rc.write.1.tlog
G:\opencv\1\test10\SIFT\SIFT\Debug\link.7524.read.1.tlog
G:\opencv\1\test10\SIFT\SIFT\Debug\link.7524.write.1.tlog
G:\opencv\1\test10\SIFT\SIFT\Debug\link.8048-cvtres.read.1.tlog
G:\opencv\1\test10\SIFT\SIFT\Debug\link.8048-cvtres.write.1.tlog
G:\opencv\1\test10\SIFT\SIFT\Debug\link.8048-rc.read.1.tlog
G:\opencv\1\test10\SIFT\SIFT\Debug\link.8048-rc.write.1.tlog
G:\opencv\1\test10\SIFT\SIFT\Debug\link.8048.read.1.tlog
G:\opencv\1\test10\SIFT\SIFT\Debug\link.8048.write.1.tlog
G:\opencv\1\test10\SIFT\SIFT\Debug\link.8144-cvtres.read.1.tlog
G:\opencv\1\test10\SIFT\SIFT\Debug\link.8144-cvtres.write.1.tlog
G:\opencv\1\test10\SIFT\SIFT\Debug\link.8144-rc.read.1.tlog
G:\opencv\1\test10\SIFT\SIFT\Debug\link.8144-rc.write.1.tlog
G:\opencv\1\test10\SIFT\SIFT\Debug\link.8144.read.1.tlog
G:\opencv\1\test10\SIFT\SIFT\Debug\link.8144.write.1.tlog
G:\opencv\1\test10\SIFT\SIFT\Debug\link.8492-cvtres.read.1.tlog
G:\opencv\1\test10\SIFT\SIFT\Debug\link.8492-cvtres.write.1.tlog
G:\opencv\1\test10\SIFT\SIFT\Debug\link.8492-rc.read.1.tlog
G:\opencv\1\test10\SIFT\SIFT\Debug\link.8492-rc.write.1.tlog
G:\opencv\1\test10\SIFT\SIFT\Debug\link.8492.read.1.tlog
G:\opencv\1\test10\SIFT\SIFT\Debug\link.8492.write.1.tlog
G:\opencv\1\test10\SIFT\SIFT\Debug\link.8900-cvtres.read.1.tlog
G:\opencv\1\test10\SIFT\SIFT\Debug\link.8900-cvtres.write.1.tlog
G:\opencv\1\test10\SIFT\SIFT\Debug\link.8900-rc.read.1.tlog
G:\opencv\1\test10\SIFT\SIFT\Debug\link.8900-rc.write.1.tlog
G:\opencv\1\test10\SIFT\SIFT\Debug\link.8900.read.1.tlog
G:\opencv\1\test10\SIFT\SIFT\Debug\link.8900.write.1.tlog
G:\opencv\1\test10\SIFT\SIFT\Debug\link.8908-cvtres.read.1.tlog
G:\opencv\1\test10\SIFT\SIFT\Debug\link.8908-cvtres.write.1.tlog
G:\opencv\1\test10\SIFT\SIFT\Debug\link.8908-rc.read.1.tlog
G:\opencv\1\test10\SIFT\SIFT\Debug\link.8908-rc.write.1.tlog
G:\opencv\1\test10\SIFT\SIFT\Debug\link.8908.read.1.tlog
G:\opencv\1\test10\SIFT\SIFT\Debug\link.8908.write.1.tlog
G:\opencv\1\test10\SIFT\SIFT\Debug\link.928-cvtres.read.1.tlog
G:\opencv\1\test10\SIFT\SIFT\Debug\link.928-cvtres.write.1.tlog
G:\opencv\1\test10\SIFT\SIFT\Debug\link.928-rc.read.1.tlog
G:\opencv\1\test10\SIFT\SIFT\Debug\link.928-rc.write.1.tlog
G:\opencv\1\test10\SIFT\SIFT\Debug\link.928.read.1.tlog
G:\opencv\1\test10\SIFT\SIFT\Debug\link.928.write.1.tlog
G:\opencv\1\test10\SIFT\SIFT\Debug\link.9388-cvtres.read.1.tlog
G:\opencv\1\test10\SIFT\SIFT\Debug\link.9388-cvtres.write.1.tlog
G:\opencv\1\test10\SIFT\SIFT\Debug\link.9388-rc.read.1.tlog
G:\opencv\1\test10\SIFT\SIFT\Debug\link.9388-rc.write.1.tlog
G:\opencv\1\test10\SIFT\SIFT\Debug\link.9388.read.1.tlog
G:\opencv\1\test10\SIFT\SIFT\Debug\link.9388.write.1.tlog
G:\opencv\1\test10\SIFT\SIFT\Debug\link.9504-cvtres.read.1.tlog
G:\opencv\1\test10\SIFT\SIFT\Debug\link.9504-cvtres.write.1.tlog
G:\opencv\1\test10\SIFT\SIFT\Debug\link.9504-rc.read.1.tlog
G:\opencv\1\test10\SIFT\SIFT\Debug\link.9504-rc.write.1.tlog
G:\opencv\1\test10\SIFT\SIFT\Debug\link.9504.read.1.tlog
G:\opencv\1\test10\SIFT\SIFT\Debug\link.9504.write.1.tlog
G:\opencv\1\test10\SIFT\SIFT\Debug\link.9576-cvtres.read.1.tlog
G:\opencv\1\test10\SIFT\SIFT\Debug\link.9576-cvtres.write.1.tlog
G:\opencv\1\test10\SIFT\SIFT\Debug\link.9576-rc.read.1.tlog
G:\opencv\1\test10\SIFT\SIFT\Debug\link.9576-rc.write.1.tlog
G:\opencv\1\test10\SIFT\SIFT\Debug\link.9576.read.1.tlog
G:\opencv\1\test10\SIFT\SIFT\Debug\link.9576.write.1.tlog
G:\opencv\1\test10\SIFT\SIFT\Debug\link.9712-cvtres.read.1.tlog
G:\opencv\1\test10\SIFT\SIFT\Debug\link.9712-cvtres.write.1.tlog
G:\opencv\1\test10\SIFT\SIFT\Debug\link.9712-rc.read.1.tlog
G:\opencv\1\test10\SIFT\SIFT\Debug\link.9712-rc.write.1.tlog
G:\opencv\1\test10\SIFT\SIFT\Debug\link.9712.read.1.tlog
G:\opencv\1\test10\SIFT\SIFT\Debug\link.9712.write.1.tlog
G:\opencv\1\test10\SIFT\SIFT\Debug\link.command.1.tlog
G:\opencv\1\test10\SIFT\SIFT\Debug\link.read.1.tlog
G:\opencv\1\test10\SIFT\SIFT\Debug\link.write.1.tlog
G:\opencv\1\test10\SIFT\SIFT\Debug\vc110.idb
G:\opencv\1\test10\SIFT\SIFT\Debug\vc110.pdb
G:\opencv\1\test10\SIFT\Debug\SIFT.pdb
G:\opencv\1\test10\SIFT\Debug\SIFT.exe
G:\opencv\1\test10\SIFT\Debug\SIFT.ilk
